<?xml version="1.0" encoding="UTF-8"?>
<!-- Generated by org.testng.reporters.JUnitXMLReporter -->
<testsuite hostname="WSWD024-Naveen" ignored="1" name="Paint Partner-Deployement test" tests="5" failures="0" timestamp="28 Jul 2017 11:39:11 GMT" time="10.003" errors="0">
  <testcase name="@BeforeTest openfirefox" time="9.763" classname="com.xqt.framework.PPDeployemetTesting">
    <failure type="org.openqa.selenium.remote.UnreachableBrowserException" message="Could not start a new session. Possible causes are invalid address of the remote server or browser start-up failure.
Build info: version: &amp;apos;3.3.1&amp;apos;, revision: &amp;apos;5234b325d5&amp;apos;, time: &amp;apos;2017-03-10 09:10:29 +0000&amp;apos;
System info: host: &amp;apos;WSWD024-NAVEEN&amp;apos;, ip: &amp;apos;192.168.1.114&amp;apos;, os.name: &amp;apos;Windows Vista&amp;apos;, os.arch: &amp;apos;x86&amp;apos;, os.version: &amp;apos;6.0&amp;apos;, java.version: &amp;apos;1.8.0_101&amp;apos;
Driver info: driver.version: FirefoxDriver">
      <![CDATA[org.openqa.selenium.remote.UnreachableBrowserException: Could not start a new session. Possible causes are invalid address of the remote server or browser start-up failure.
Build info: version: '3.3.1', revision: '5234b325d5', time: '2017-03-10 09:10:29 +0000'
System info: host: 'WSWD024-NAVEEN', ip: '192.168.1.114', os.name: 'Windows Vista', os.arch: 'x86', os.version: '6.0', java.version: '1.8.0_101'
Driver info: driver.version: FirefoxDriver
	at org.openqa.selenium.remote.RemoteWebDriver.execute(RemoteWebDriver.java:625)
	at org.openqa.selenium.remote.RemoteWebDriver.startSession(RemoteWebDriver.java:244)
	at org.openqa.selenium.remote.RemoteWebDriver.<init>(RemoteWebDriver.java:131)
	at org.openqa.selenium.firefox.FirefoxDriver.<init>(FirefoxDriver.java:218)
	at org.openqa.selenium.firefox.FirefoxDriver.<init>(FirefoxDriver.java:125)
	at org.openqa.selenium.firefox.FirefoxDriver.<init>(FirefoxDriver.java:137)
	at com.xqt.framework.webdriverclass.firefoxdriver(webdriverclass.java:52)
	at com.xqt.framework.PPDeployemetTesting.openfirefox(PPDeployemetTesting.java:39)
	at sun.reflect.NativeMethodAccessorImpl.invoke0(Native Method)
	at sun.reflect.NativeMethodAccessorImpl.invoke(Unknown Source)
	at sun.reflect.DelegatingMethodAccessorImpl.invoke(Unknown Source)
	at java.lang.reflect.Method.invoke(Unknown Source)
	at org.testng.internal.MethodInvocationHelper.invokeMethod(MethodInvocationHelper.java:108)
	at org.testng.internal.Invoker.invokeConfigurationMethod(Invoker.java:523)
	at org.testng.internal.Invoker.invokeConfigurations(Invoker.java:224)
	at org.testng.internal.Invoker.invokeConfigurations(Invoker.java:146)
	at org.testng.TestRunner.beforeRun(TestRunner.java:626)
	at org.testng.TestRunner.run(TestRunner.java:594)
	at org.testng.SuiteRunner.runTest(SuiteRunner.java:380)
	at org.testng.SuiteRunner.runSequentially(SuiteRunner.java:375)
	at org.testng.SuiteRunner.privateRun(SuiteRunner.java:340)
	at org.testng.SuiteRunner.run(SuiteRunner.java:289)
	at org.testng.SuiteRunnerWorker.runSuite(SuiteRunnerWorker.java:52)
	at org.testng.SuiteRunnerWorker.run(SuiteRunnerWorker.java:86)
	at org.testng.TestNG.runSuitesSequentially(TestNG.java:1301)
	at org.testng.TestNG.runSuitesLocally(TestNG.java:1226)
	at org.testng.TestNG.runSuites(TestNG.java:1144)
	at org.testng.TestNG.run(TestNG.java:1115)
	at org.testng.remote.AbstractRemoteTestNG.run(AbstractRemoteTestNG.java:132)
	at org.testng.remote.RemoteTestNG.initAndRun(RemoteTestNG.java:230)
	at org.testng.remote.RemoteTestNG.main(RemoteTestNG.java:76)
Caused by: org.apache.http.conn.HttpHostConnectException: Connect to 127.0.0.1:7055 [/127.0.0.1] failed: Connection refused: connect
	at org.apache.http.impl.conn.DefaultHttpClientConnectionOperator.connect(DefaultHttpClientConnectionOperator.java:158)
	at org.apache.http.impl.conn.PoolingHttpClientConnectionManager.connect(PoolingHttpClientConnectionManager.java:353)
	at org.apache.http.impl.execchain.MainClientExec.establishRoute(MainClientExec.java:380)
	at org.apache.http.impl.execchain.MainClientExec.execute(MainClientExec.java:236)
	at org.apache.http.impl.execchain.ProtocolExec.execute(ProtocolExec.java:184)
	at org.apache.http.impl.execchain.RetryExec.execute(RetryExec.java:88)
	at org.apache.http.impl.execchain.RedirectExec.execute(RedirectExec.java:110)
	at org.apache.http.impl.client.InternalHttpClient.doExecute(InternalHttpClient.java:184)
	at org.apache.http.impl.client.CloseableHttpClient.execute(CloseableHttpClient.java:71)
	at org.apache.http.impl.client.CloseableHttpClient.execute(CloseableHttpClient.java:55)
	at org.openqa.selenium.remote.internal.ApacheHttpClient.fallBackExecute(ApacheHttpClient.java:142)
	at org.openqa.selenium.remote.internal.ApacheHttpClient.execute(ApacheHttpClient.java:88)
	at org.openqa.selenium.remote.ProtocolHandshake.createSession(ProtocolHandshake.java:296)
	at org.openqa.selenium.remote.ProtocolHandshake.createSession(ProtocolHandshake.java:113)
	at org.openqa.selenium.remote.HttpCommandExecutor.execute(HttpCommandExecutor.java:141)
	at org.openqa.selenium.firefox.internal.NewProfileExtensionConnection.execute(NewProfileExtensionConnection.java:159)
	at org.openqa.selenium.firefox.FirefoxDriver$LazyCommandExecutor.execute(FirefoxDriver.java:433)
	at org.openqa.selenium.remote.RemoteWebDriver.execute(RemoteWebDriver.java:604)
	... 30 more
Caused by: java.net.ConnectException: Connection refused: connect
	at java.net.DualStackPlainSocketImpl.waitForConnect(Native Method)
	at java.net.DualStackPlainSocketImpl.socketConnect(Unknown Source)
	at java.net.AbstractPlainSocketImpl.doConnect(Unknown Source)
	at java.net.AbstractPlainSocketImpl.connectToAddress(Unknown Source)
	at java.net.AbstractPlainSocketImpl.connect(Unknown Source)
	at java.net.PlainSocketImpl.connect(Unknown Source)
	at java.net.SocksSocketImpl.connect(Unknown Source)
	at java.net.Socket.connect(Unknown Source)
	at org.apache.http.conn.socket.PlainConnectionSocketFactory.connectSocket(PlainConnectionSocketFactory.java:74)
	at org.apache.http.impl.conn.DefaultHttpClientConnectionOperator.connect(DefaultHttpClientConnectionOperator.java:141)
	... 47 more
]]>
    </failure>
  </testcase> <!-- @BeforeTest openfirefox -->
  <testcase name="@BeforeMethod go" time="0.0" classname="com.xqt.framework.PPDeployemetTesting">
    <skipped/>
  </testcase> <!-- @BeforeMethod go -->
  <testcase name="@BeforeMethod go" time="0.0" classname="com.xqt.framework.PPDeployemetTesting">
    <skipped/>
  </testcase> <!-- @BeforeMethod go -->
  <testcase name="@BeforeMethod go" time="0.0" classname="com.xqt.framework.PPDeployemetTesting">
    <skipped/>
  </testcase> <!-- @BeforeMethod go -->
  <testcase name="@BeforeMethod go" time="0.0" classname="com.xqt.framework.PPDeployemetTesting">
    <skipped/>
  </testcase> <!-- @BeforeMethod go -->
  <testcase name="@BeforeMethod go" time="0.0" classname="com.xqt.framework.PPDeployemetTesting">
    <skipped/>
  </testcase> <!-- @BeforeMethod go -->
  <testcase name="@AfterTest closefirefox" time="0.0" classname="com.xqt.framework.PPDeployemetTesting">
    <skipped/>
  </testcase> <!-- @AfterTest closefirefox -->
  <testcase name="Vierifycolourcount" time="0.0" classname="com.xqt.framework.PPDeployemetTesting">
    <skipped/>
  </testcase> <!-- Vierifycolourcount -->
  <testcase name="VierifycolourRequestCount" time="0.0" classname="com.xqt.framework.PPDeployemetTesting">
    <skipped/>
  </testcase> <!-- VierifycolourRequestCount -->
  <testcase name="VierifyManagecPanelmodule" time="0.0" classname="com.xqt.framework.PPDeployemetTesting">
    <skipped/>
  </testcase> <!-- VierifyManagecPanelmodule -->
  <testcase name="VierifyManagecolourmodule" time="0.0" classname="com.xqt.framework.PPDeployemetTesting">
    <skipped/>
  </testcase> <!-- VierifyManagecolourmodule -->
  <testcase name="Vierifymastermanagementmodule" time="0.0" classname="com.xqt.framework.PPDeployemetTesting">
    <skipped/>
  </testcase> <!-- Vierifymastermanagementmodule -->
  <testcase name="VierifyReportsmodulle" time="0.0" classname="com.xqt.framework.PPDeployemetTesting">
    <ignored/>
  </testcase> <!-- VierifyReportsmodulle -->
</testsuite> <!-- Paint Partner-Deployement test -->
