<?xml version="1.0" encoding="UTF-8"?>
<!-- Generated by org.testng.reporters.JUnitXMLReporter -->
<testsuite hostname="WKSSDS003" ignored="0" name="Paint Partner-CR Screenshot and testing" tests="6" failures="0" timestamp="14 Nov 2018 10:38:15 GMT" time="58.716" errors="0">
  <testcase name="coloursearch" time="23.036" classname="com.xqt.paintpartner.PP_CR_test"/>
  <testcase name="colourrequest" time="9.214" classname="com.xqt.paintpartner.PP_CR_test"/>
  <testcase name="setcountrypricing" time="3.303" classname="com.xqt.paintpartner.PP_CR_test"/>
  <testcase name="setpriority" time="2.215" classname="com.xqt.paintpartner.PP_CR_test"/>
  <testcase name="downloads" time="9.454" classname="com.xqt.paintpartner.PP_CR_test"/>
  <testcase name="PROFILE" time="1.008" classname="com.xqt.paintpartner.PP_CR_test"/>
</testsuite> <!-- Paint Partner-CR Screenshot and testing -->
