<?xml version="1.0" encoding="UTF-8"?>
<testng-results skipped="0" failed="0" ignored="1" total="3" passed="2">
  <reporter-output>
  </reporter-output>
  <suite name="Default suite" duration-ms="27361" started-at="2018-12-12T12:14:19Z" finished-at="2018-12-12T12:14:46Z">
    <groups>
    </groups>
    <test name="Default test" duration-ms="27361" started-at="2018-12-12T12:14:19Z" finished-at="2018-12-12T12:14:46Z">
      <class name="com.xqt.group1.PaintPartner.ColourSearch">
        <test-method status="PASS" signature="Login()[pri:0, instance:com.xqt.group1.PaintPartner.ColourSearch@523884b2]" name="Login" is-config="true" duration-ms="9116" started-at="2018-12-12T17:44:19Z" finished-at="2018-12-12T17:44:28Z">
          <reporter-output>
          </reporter-output>
        </test-method> <!-- Login -->
        <test-method status="PASS" signature="systemreport()[pri:0, instance:com.xqt.group1.PaintPartner.ColourSearch@523884b2]" name="systemreport" duration-ms="11785" started-at="2018-12-12T17:44:28Z" finished-at="2018-12-12T17:44:39Z">
          <reporter-output>
          </reporter-output>
        </test-method> <!-- systemreport -->
        <test-method status="PASS" signature="verfiycoloursearchpage()[pri:0, instance:com.xqt.group1.PaintPartner.ColourSearch@523884b2]" name="verfiycoloursearchpage" duration-ms="3" started-at="2018-12-12T17:44:39Z" finished-at="2018-12-12T17:44:39Z">
          <reporter-output>
          </reporter-output>
        </test-method> <!-- verfiycoloursearchpage -->
        <test-method status="PASS" signature="Logout()[pri:0, instance:com.xqt.group1.PaintPartner.ColourSearch@523884b2]" name="Logout" is-config="true" duration-ms="6442" started-at="2018-12-12T17:44:40Z" finished-at="2018-12-12T17:44:46Z">
          <reporter-output>
          </reporter-output>
        </test-method> <!-- Logout -->
      </class> <!-- com.xqt.group1.PaintPartner.ColourSearch -->
    </test> <!-- Default test -->
  </suite> <!-- Default suite -->
</testng-results>
