<?xml version="1.0" encoding="UTF-8"?>
<testng-results skipped="0" failed="0" ignored="0" total="2" passed="2">
  <reporter-output>
  </reporter-output>
  <suite name="Default suite" duration-ms="19366" started-at="2018-12-10T11:44:05Z" finished-at="2018-12-10T11:44:24Z">
    <groups>
    </groups>
    <test name="Default test" duration-ms="19366" started-at="2018-12-10T11:44:05Z" finished-at="2018-12-10T11:44:24Z">
      <class name="com.xqt.group1.PaintPartner.ColourSearch">
        <test-method status="PASS" signature="Login()[pri:0, instance:com.xqt.group1.PaintPartner.ColourSearch@457e2f02]" name="Login" is-config="true" duration-ms="4429" started-at="2018-12-10T17:14:05Z" finished-at="2018-12-10T17:14:09Z">
          <reporter-output>
          </reporter-output>
        </test-method> <!-- Login -->
        <test-method status="PASS" signature="verfiycoloursearchpage()[pri:0, instance:com.xqt.group1.PaintPartner.ColourSearch@457e2f02]" name="verfiycoloursearchpage" duration-ms="9" started-at="2018-12-10T17:14:09Z" finished-at="2018-12-10T17:14:09Z">
          <reporter-output>
          </reporter-output>
        </test-method> <!-- verfiycoloursearchpage -->
        <test-method status="PASS" signature="viewformulation()[pri:0, instance:com.xqt.group1.PaintPartner.ColourSearch@457e2f02]" name="viewformulation" duration-ms="14907" started-at="2018-12-10T17:14:09Z" finished-at="2018-12-10T17:14:24Z">
          <reporter-output>
          </reporter-output>
        </test-method> <!-- viewformulation -->
        <test-method status="PASS" signature="Logout()[pri:0, instance:com.xqt.group1.PaintPartner.ColourSearch@457e2f02]" name="Logout" is-config="true" duration-ms="1" started-at="2018-12-10T17:14:24Z" finished-at="2018-12-10T17:14:24Z">
          <reporter-output>
          </reporter-output>
        </test-method> <!-- Logout -->
      </class> <!-- com.xqt.group1.PaintPartner.ColourSearch -->
    </test> <!-- Default test -->
  </suite> <!-- Default suite -->
</testng-results>
