<?xml version="1.0" encoding="UTF-8"?>
<!-- Generated by org.testng.reporters.JUnitXMLReporter -->
<testsuite hostname="WKSSDS003" ignored="0" name="Default test" tests="11" failures="0" timestamp="07 Dec 2018 08:17:15 GMT" time="241.719" errors="0">
  <testcase name="coloursearch" time="21.77" classname="com.xqt.paintpartner.PP_ADMIN_test"/>
  <testcase name="colourrequest" time="12.62" classname="com.xqt.paintpartner.PP_ADMIN_test"/>
  <testcase name="managepanel" time="15.742" classname="com.xqt.paintpartner.PP_ADMIN_test"/>
  <testcase name="managecolour" time="92.278" classname="com.xqt.paintpartner.PP_ADMIN_test"/>
  <testcase name="PROFILE" time="0.448" classname="com.xqt.paintpartner.PP_ADMIN_test"/>
  <testcase name="UserRegistration" time="1.906" classname="com.xqt.paintpartner.PP_ADMIN_test"/>
  <testcase name="PRICING" time="2.765" classname="com.xqt.paintpartner.PP_ADMIN_test"/>
  <testcase name="datashare" time="1.77" classname="com.xqt.paintpartner.PP_ADMIN_test"/>
  <testcase name="Download" time="9.276" classname="com.xqt.paintpartner.PP_ADMIN_test"/>
  <testcase name="systemreport" time="7.853" classname="com.xqt.paintpartner.PP_ADMIN_test"/>
  <testcase name="mastermanagement" time="54.991" classname="com.xqt.paintpartner.PP_ADMIN_test"/>
</testsuite> <!-- Default test -->
