<?xml version="1.0" encoding="UTF-8"?>
<!-- Generated by org.testng.reporters.JUnitXMLReporter -->
<testsuite hostname="WKSSDS003" ignored="0" name="Default test" tests="2" failures="0" timestamp="10 Dec 2018 11:44:24 GMT" time="19.366" errors="0">
  <testcase name="verfiycoloursearchpage" time="0.009" classname="com.xqt.group1.PaintPartner.ColourSearch"/>
  <testcase name="viewformulation" time="14.907" classname="com.xqt.group1.PaintPartner.ColourSearch"/>
</testsuite> <!-- Default test -->
