<?xml version="1.0" encoding="UTF-8"?>
<!-- Generated by org.testng.reporters.JUnitXMLReporter -->
<testsuite hostname="WKSSDS003" ignored="1" name="Default test" tests="2" failures="0" timestamp="12 Dec 2018 12:14:46 GMT" time="27.361" errors="0">
  <testcase name="systemreport" time="11.785" classname="com.xqt.group1.PaintPartner.ColourSearch"/>
  <testcase name="verfiycoloursearchpage" time="0.003" classname="com.xqt.group1.PaintPartner.ColourSearch"/>
  <testcase name="viewformulation" time="0.0" classname="com.xqt.group1.PaintPartner.ColourSearch">
    <ignored/>
  </testcase> <!-- viewformulation -->
</testsuite> <!-- Default test -->
